0 info it worked if it ends with ok
1 verbose cli [ '/Users/zacksmith/.nvm/versions/node/v6.9.1/bin/node',
1 verbose cli   '/Users/zacksmith/.nvm/versions/node/v6.9.1/bin/npm',
1 verbose cli   'run',
1 verbose cli   'test:ava' ]
2 info using npm@3.10.8
3 info using node@v6.9.1
4 verbose run-script [ 'pretest:ava', 'test:ava', 'posttest:ava' ]
5 info lifecycle jest-vs-mocha@1.0.0~pretest:ava: jest-vs-mocha@1.0.0
6 silly lifecycle jest-vs-mocha@1.0.0~pretest:ava: no script for pretest:ava, continuing
7 info lifecycle jest-vs-mocha@1.0.0~test:ava: jest-vs-mocha@1.0.0
8 verbose lifecycle jest-vs-mocha@1.0.0~test:ava: unsafe-perm in lifecycle true
9 verbose lifecycle jest-vs-mocha@1.0.0~test:ava: PATH: /Users/zacksmith/.nvm/versions/node/v6.9.1/lib/node_modules/npm/bin/node-gyp-bin:/Users/zacksmith/projects/jest-vs-mocha/node_modules/.bin:/Users/zacksmith/projects/jest-vs-mocha/node_modules/.bin:/Users/zacksmith/.config/yarn/link/node_modules/.bin:/Users/zacksmith/projects/jest-vs-mocha/node_modules/.bin:/Users/zacksmith/.config/yarn/link/node_modules/.bin:/usr/local/Cellar/yarn/0.17.10/libexec/lib/node_modules/yarn/bin/node-gyp-bin:/usr/local/bin/git:/Users/zacksmith/.nvm/versions/node/v6.9.1/bin:/usr/local/bin/git:/usr/local/bin:/usr/bin:/bin:/usr/sbin:/sbin:/Library/Frameworks/Mono.framework/Versions/Current/Commands:/usr/local/bin/git:/Users/zacksmith/npm/bin:/Users/zacksmith/.rvm/bin:/Users/zacksmith/.cargo/bin:/Users/zacksmith/npm/bin:/Users/zacksmith/.rvm/bin:/Users/zacksmith/.cargo/bin:/Users/zacksmith/npm/bin:/Users/zacksmith/.rvm/bin:/Users/zacksmith/.cargo/bin:/Users/zacksmith/.nvm/versions/node/v6.9.1/bin
10 verbose lifecycle jest-vs-mocha@1.0.0~test:ava: CWD: /Users/zacksmith/projects/jest-vs-mocha
11 silly lifecycle jest-vs-mocha@1.0.0~test:ava: Args: [ '-c', 'ava sum-ava.test.js' ]
12 silly lifecycle jest-vs-mocha@1.0.0~test:ava: Returned: code: 1  signal: null
13 info lifecycle jest-vs-mocha@1.0.0~test:ava: Failed to exec test:ava script
14 verbose stack Error: jest-vs-mocha@1.0.0 test:ava: `ava sum-ava.test.js`
14 verbose stack Exit status 1
14 verbose stack     at EventEmitter.<anonymous> (/Users/zacksmith/.nvm/versions/node/v6.9.1/lib/node_modules/npm/lib/utils/lifecycle.js:255:16)
14 verbose stack     at emitTwo (events.js:106:13)
14 verbose stack     at EventEmitter.emit (events.js:191:7)
14 verbose stack     at ChildProcess.<anonymous> (/Users/zacksmith/.nvm/versions/node/v6.9.1/lib/node_modules/npm/lib/utils/spawn.js:40:14)
14 verbose stack     at emitTwo (events.js:106:13)
14 verbose stack     at ChildProcess.emit (events.js:191:7)
14 verbose stack     at maybeClose (internal/child_process.js:877:16)
14 verbose stack     at Process.ChildProcess._handle.onexit (internal/child_process.js:226:5)
15 verbose pkgid jest-vs-mocha@1.0.0
16 verbose cwd /Users/zacksmith/projects/jest-vs-mocha
17 error Darwin 16.1.0
18 error argv "/Users/zacksmith/.nvm/versions/node/v6.9.1/bin/node" "/Users/zacksmith/.nvm/versions/node/v6.9.1/bin/npm" "run" "test:ava"
19 error node v6.9.1
20 error npm  v3.10.8
21 error code ELIFECYCLE
22 error jest-vs-mocha@1.0.0 test:ava: `ava sum-ava.test.js`
22 error Exit status 1
23 error Failed at the jest-vs-mocha@1.0.0 test:ava script 'ava sum-ava.test.js'.
23 error Make sure you have the latest version of node.js and npm installed.
23 error If you do, this is most likely a problem with the jest-vs-mocha package,
23 error not with npm itself.
23 error Tell the author that this fails on your system:
23 error     ava sum-ava.test.js
23 error You can get information on how to open an issue for this project with:
23 error     npm bugs jest-vs-mocha
23 error Or if that isn't available, you can get their info via:
23 error     npm owner ls jest-vs-mocha
23 error There is likely additional logging output above.
24 verbose exit [ 1, true ]
